[2015-07-31 10:02:33] START
[2015-07-31 10:19:22] EDIT myapp/views/default/index.html: 0
[2015-07-31 10:33:21] EDIT myapp/views/plugin_layouts/layouts/KeepitSimple.html: 0
[2015-07-31 10:33:59] EDIT myapp/views/plugin_layouts/layouts/KeepitSimple.html: 0
[2015-07-31 10:34:59] EDIT myapp/views/plugin_layouts/layouts/KeepitSimple.html: 0
[2015-07-31 10:35:09] EDIT myapp/views/plugin_layouts/layouts/KeepitSimple.html: 0
[2015-07-31 10:37:07] EDIT myapp/models/menu.py: 0
[2015-07-31 10:37:35] EDIT myapp/models/menu.py: 0
[2015-07-31 10:40:52] EDIT myapp/views/plugin_layouts/layouts/KeepitSimple.html: 0
[2015-07-31 10:41:00] EDIT myapp/views/plugin_layouts/layouts/KeepitSimple.html: 0
[2015-07-31 10:41:10] EDIT myapp/views/plugin_layouts/layouts/KeepitSimple.html: 0
[2015-07-31 10:41:12] EDIT myapp/views/plugin_layouts/layouts/KeepitSimple.html: 0
[2015-07-31 10:42:29] EDIT myapp/views/plugin_layouts/layouts/KeepitSimple.html: 0
[2015-07-31 10:43:57] EDIT myapp/views/default/index.html: 0
[2015-07-31 10:44:06] EDIT myapp/views/default/index.html: 0
[2015-07-31 10:44:07] EDIT myapp/views/default/index.html: 0
[2015-07-31 10:44:50] EDIT myapp/views/default/index.html: -1
[2015-07-31 10:48:26] EDIT myapp/views/default/index.html: 1
[2015-07-31 10:57:13] EDIT myapp/views/plugin_layouts/layouts/KeepitSimple.html: -1
[2015-07-31 10:57:22] EDIT myapp/views/plugin_layouts/layouts/KeepitSimple.html: 1
[2015-07-31 10:57:51] EDIT myapp/views/plugin_layouts/layouts/KeepitSimple.html: 0
[2015-07-31 10:58:01] EDIT myapp/views/plugin_layouts/layouts/KeepitSimple.html: -1
[2015-07-31 10:58:11] EDIT myapp/views/plugin_layouts/layouts/KeepitSimple.html: 1
[2015-07-31 10:58:16] EDIT myapp/views/plugin_layouts/layouts/KeepitSimple.html: -1
[2015-07-31 10:58:27] EDIT myapp/views/plugin_layouts/layouts/KeepitSimple.html: 1
[2015-07-31 10:58:39] EDIT myapp/views/plugin_layouts/layouts/KeepitSimple.html: -8
[2015-07-31 10:58:56] EDIT myapp/views/plugin_layouts/layouts/KeepitSimple.html: 8
[2015-07-31 11:01:13] EDIT myapp/views/plugin_layouts/layouts/KeepitSimple.html: 0
[2015-07-31 11:02:55] EDIT myapp/views/plugin_layouts/layouts/KeepitSimple.html: 0
[2015-07-31 11:03:36] EDIT myapp/views/plugin_layouts/layouts/KeepitSimple.html: 0
[2015-07-31 11:04:37] EDIT myapp/views/plugin_layouts/layouts/KeepitSimple.html: -1
[2015-07-31 11:04:45] EDIT myapp/views/plugin_layouts/layouts/KeepitSimple.html: 1
[2015-07-31 11:12:36] EDIT myapp/views/plugin_layouts/layouts/KeepitSimple.html: 0
[2015-07-31 11:12:44] EDIT myapp/views/plugin_layouts/layouts/KeepitSimple.html: 0
[2015-07-31 11:17:38] EDIT myapp/views/plugin_layouts/layouts/KeepitSimple.html: 5
[2015-07-31 11:17:50] EDIT myapp/views/plugin_layouts/layouts/KeepitSimple.html: -1
[2015-07-31 11:18:25] EDIT myapp/views/plugin_layouts/layouts/KeepitSimple.html: -2
[2015-07-31 11:18:44] EDIT myapp/views/plugin_layouts/layouts/KeepitSimple.html: 2
[2015-07-31 11:20:22] EDIT myapp/views/plugin_layouts/layouts/KeepitSimple.html: 0
[2015-07-31 11:21:03] EDIT myapp/views/plugin_layouts/layouts/KeepitSimple.html: -2
[2015-07-31 11:21:42] EDIT myapp/views/plugin_layouts/layouts/KeepitSimple.html: 0
[2015-07-31 11:22:21] EDIT myapp/views/plugin_layouts/layouts/KeepitSimple.html: 0
[2015-07-31 12:03:38] EDIT myapp/views/plugin_layouts/layouts/KeepitSimple.html: -2
[2015-07-31 12:36:29] EDIT myapp/views/plugin_layouts/layouts/KeepitSimple.html: 0
[2015-07-31 12:38:18] EDIT myapp/views/plugin_layouts/layouts/KeepitSimple.html: 0
[2015-07-31 12:39:42] EDIT myapp/views/plugin_layouts/layouts/KeepitSimple.html: 0
[2015-07-31 12:40:57] EDIT myapp/views/plugin_layouts/layouts/KeepitSimple.html: -5
[2015-07-31 12:41:57] EDIT myapp/views/plugin_layouts/layouts/KeepitSimple.html: 7
[2015-07-31 12:42:17] EDIT myapp/static/plugin_layouts/layouts/KeepitSimple/css/style.css: 0
[2015-07-31 12:42:29] EDIT myapp/static/plugin_layouts/layouts/KeepitSimple/css/style.css: 0
[2015-07-31 12:45:12] EDIT myapp/static/plugin_layouts/layouts/KeepitSimple/css/style.css: -5
[2015-07-31 12:45:18] EDIT myapp/static/plugin_layouts/layouts/KeepitSimple/css/style.css: 5
[2015-07-31 12:45:47] EDIT myapp/static/plugin_layouts/layouts/KeepitSimple/css/style.css: 0
[2015-07-31 12:45:53] EDIT myapp/static/plugin_layouts/layouts/KeepitSimple/css/style.css: 0
[2015-07-31 12:46:00] EDIT myapp/static/plugin_layouts/layouts/KeepitSimple/css/style.css: 0
[2015-07-31 12:46:12] EDIT myapp/static/plugin_layouts/layouts/KeepitSimple/css/style.css: 0
[2015-07-31 12:46:38] EDIT myapp/views/plugin_layouts/layouts/KeepitSimple.html: -2
[2015-07-31 12:46:51] EDIT myapp/views/plugin_layouts/layouts/KeepitSimple.html: 2
[2015-07-31 12:49:12] EDIT myapp/views/plugin_layouts/layouts/KeepitSimple.html: 0
[2015-07-31 12:52:51] EDIT myapp/views/default/index.html: -2
[2015-07-31 12:53:48] EDIT myapp/views/default/index.html: 2
[2015-07-31 12:54:12] EDIT myapp/views/default/index.html: -4
[2015-07-31 12:54:30] EDIT myapp/views/default/index.html: 4
[2015-07-31 12:54:39] EDIT myapp/views/default/index.html: -3
[2015-07-31 13:37:32] EDIT myapp/models/menu.py: 0
[2015-07-31 13:38:19] EDIT myapp/views/default/index.html: 3
[2015-07-31 13:39:04] EDIT myapp/models/menu.py: 0
[2015-07-31 13:39:50] EDIT myapp/models/menu.py: 0
[2015-07-31 13:42:43] EDIT myapp/controllers/default.py: 0
[2015-07-31 13:42:54] EDIT myapp/controllers/default.py: 0
[2015-07-31 13:45:13] EDIT myapp/views/default/index.html: -17
[2015-07-31 13:47:21] EDIT myapp/views/default/index.html: 0
[2015-07-31 13:48:22] EDIT myapp/views/default/index.html: -9
[2015-07-31 13:49:12] EDIT myapp/views/default/index.html: 0
[2015-07-31 13:49:37] EDIT myapp/views/default/index.html: 0
[2015-07-31 13:50:45] EDIT myapp/views/default/index.html: 0
[2015-07-31 13:51:33] CREATE default/project_temp_humi_co2.html: 0
[2015-07-31 13:52:06] EDIT myapp/views/default/project_temp_humi_co2.html: -2
[2015-07-31 13:52:38] EDIT myapp/views/default/index.html: 0
[2015-07-31 13:53:00] EDIT myapp/views/default/index.html: 0
[2015-07-31 13:53:29] EDIT myapp/views/default/project_temp_humi_co2.html: 1
[2015-07-31 13:54:15] EDIT myapp/controllers/default.py: 2
[2015-07-31 13:54:51] EDIT myapp/controllers/default.py: 0
[2015-07-31 13:58:46] EDIT myapp/views/default/project_temp_humi_co2.html: 6
[2015-07-31 13:59:19] EDIT myapp/controllers/default.py: 0
[2015-07-31 13:59:39] EDIT myapp/controllers/default.py: 0
[2015-07-31 13:59:59] EDIT myapp/controllers/default.py: 0
[2015-07-31 14:00:29] EDIT myapp/views/default/index.html: 0
[2015-07-31 14:02:28] EDIT myapp/views/default/project_temp_humi_co2.html: 0
[2015-07-31 14:02:43] EDIT myapp/views/default/project_temp_humi_co2.html: 0
[2015-07-31 14:03:11] EDIT myapp/views/default/project_temp_humi_co2.html: 0
[2015-07-31 14:04:13] EDIT myapp/views/default/project_temp_humi_co2.html: 0
[2015-07-31 14:05:21] EDIT myapp/views/plugin_layouts/layouts/KeepitSimple.html: 0
[2015-07-31 14:05:41] EDIT myapp/views/plugin_layouts/layouts/KeepitSimple.html: 0
[2015-07-31 14:06:00] CREATE default/profile.html: 0
[2015-07-31 14:06:29] EDIT myapp/views/default/profile.html: 5
[2015-07-31 14:06:43] EDIT myapp/controllers/default.py: 2
[2015-07-31 14:09:37] EDIT myapp/views/plugin_layouts/layouts/KeepitSimple.html: 0
[2015-07-31 14:14:38] EDIT myapp/views/default/profile.html: 6
[2015-07-31 14:15:13] EDIT myapp/views/default/profile.html: 1
[2015-07-31 14:15:35] EDIT myapp/views/default/profile.html: 0
[2015-07-31 14:28:09] EDIT myapp/views/default/project_temp_humi_co2.html: 5
[2015-07-31 14:29:02] EDIT myapp/views/default/project_temp_humi_co2.html: 0
[2015-07-31 14:29:23] EDIT myapp/views/default/project_temp_humi_co2.html: 0
[2015-07-31 14:29:32] EDIT myapp/views/default/project_temp_humi_co2.html: 0
[2015-07-31 14:31:15] EDIT myapp/views/default/project_temp_humi_co2.html: 0
[2015-07-31 14:31:24] EDIT myapp/views/default/project_temp_humi_co2.html: 0
[2015-07-31 14:31:33] EDIT myapp/views/default/project_temp_humi_co2.html: 0
[2015-07-31 14:31:42] EDIT myapp/views/default/project_temp_humi_co2.html: 0
[2015-07-31 14:32:46] EDIT myapp/views/default/project_temp_humi_co2.html: 0
[2015-07-31 14:32:54] EDIT myapp/views/default/project_temp_humi_co2.html: 0
[2015-07-31 14:33:01] EDIT myapp/views/default/project_temp_humi_co2.html: 0
[2015-07-31 14:33:13] EDIT myapp/views/default/project_temp_humi_co2.html: 0
[2015-07-31 14:33:42] EDIT myapp/views/default/project_temp_humi_co2.html: 0
[2015-07-31 14:33:53] EDIT myapp/views/default/project_temp_humi_co2.html: 0
[2015-07-31 14:33:59] EDIT myapp/views/default/project_temp_humi_co2.html: 0
[2015-07-31 14:34:07] EDIT myapp/views/default/project_temp_humi_co2.html: 0
[2015-07-31 14:34:10] EDIT myapp/views/default/project_temp_humi_co2.html: 0
[2015-07-31 14:35:25] CREATE temp_humi_co2.py: 0
[2015-07-31 14:38:59] CREATE lcd.py: 0
[2015-07-31 14:39:31] EDIT myapp/models/lcd.py: 188
[2015-07-31 14:39:36] EDIT myapp/models/temp_humi_co2.py: 74
[2015-07-31 14:43:07] EDIT myapp/models/temp_humi_co2.py: -22
[2015-07-31 14:50:03] CREATE lcd.py: 0
[2015-07-31 14:50:07] CREATE temp_humi_co2.py: 0
[2015-07-31 14:50:39] EDIT myapp/modules/lcd.py: 188
[2015-07-31 14:50:53] DELETE myapp/models/lcd.py: -188
[2015-07-31 14:51:10] EDIT myapp/modules/temp_humi_co2.py: 52
[2015-07-31 14:51:23] DELETE myapp/models/temp_humi_co2.py: -52
[2015-07-31 14:51:57] EDIT myapp/modules/lcd.py: 0
[2015-07-31 14:52:24] EDIT myapp/modules/lcd.py: 0
[2015-07-31 14:52:33] EDIT myapp/modules/temp_humi_co2.py: 0
[2015-07-31 14:52:49] DELETE myapp/modules/lcd.py: -189
[2015-07-31 14:53:23] EDIT myapp/modules/temp_humi_co2.py: -1
[2015-07-31 14:53:55] EDIT myapp/modules/temp_humi_co2.py: 1
[2015-07-31 14:53:59] EDIT myapp/modules/temp_humi_co2.py: 0
[2015-07-31 14:54:19] EDIT myapp/modules/temp_humi_co2.py: 0
[2015-07-31 14:55:27] EDIT myapp/modules/temp_humi_co2.py: 0
[2015-07-31 14:55:39] EDIT myapp/modules/temp_humi_co2.py: -10
[2015-07-31 14:55:48] EDIT myapp/modules/temp_humi_co2.py: 0
[2015-07-31 14:55:58] EDIT myapp/modules/temp_humi_co2.py: 0
[2015-07-31 14:56:03] EDIT myapp/modules/temp_humi_co2.py: 0
[2015-07-31 14:56:10] EDIT myapp/modules/temp_humi_co2.py: 0
[2015-07-31 14:56:28] EDIT myapp/modules/temp_humi_co2.py: 0
[2015-07-31 14:56:37] EDIT myapp/modules/temp_humi_co2.py: 0
[2015-07-31 14:56:55] EDIT myapp/modules/temp_humi_co2.py: 0
[2015-07-31 15:00:09] EDIT myapp/modules/temp_humi_co2.py: 0
